<?xml version="1.0" encoding="UTF-8"?>
<robot generator="Robot 7.0.1 (Python 3.12.5 on darwin)" generated="2024-08-22T14:15:50.397140" rpa="false" schemaversion="5">
<suite id="s1" name="Product Checkout" source="/Users/heruapriadi/Documents/Lion/robotWebTesting/test/product_checkout.robot">
<test id="s1-t1" name="Successful Checkout Product" line="17">
<kw name="Given the user is on the login page">
<kw name="New Browser" owner="Browser">
<msg time="2024-08-22T14:15:51.900356" level="INFO">{"browser": "chromium", "headless": false, "chromiumSandbox": false, "devtools": false, "handleSIGHUP": true, "handleSIGINT": true, "handleSIGTERM": true, "slowMo": 0.0, "timeout": 30000.0, "tracesDir": "/Users/heruapriadi/Documents/Lion/robotWebTesting/browser/traces/28966fd6-9665-4ff4-a2f6-30fb04c3d2db"}</msg>
<msg time="2024-08-22T14:15:52.728246" level="INFO">Successfully created browser with options: {"browser":"chromium","headless":false,"chromiumSandbox":false,"devtools":false,"handleSIGHUP":true,"handleSIGINT":true,"handleSIGTERM":true,"slowMo":0,"timeout":30000,"tracesDir":"/Users/heruapriadi/Documents/Lion/robotWebTesting/browser/traces/28966fd6-9665-4ff4-a2f6-30fb04c3d2db"}</msg>
<arg>headless=false</arg>
<tag>BrowserControl</tag>
<tag>Setter</tag>
<doc>Create a new playwright Browser with specified options.</doc>
<status status="PASS" start="2024-08-22T14:15:51.899276" elapsed="0.829122"/>
</kw>
<kw name="New Page" owner="Browser">
<msg time="2024-08-22T14:15:54.490766" level="INFO">Successfully initialized new page object and opened url: https://www.saucedemo.com/</msg>
<msg time="2024-08-22T14:15:54.491626" level="INFO">No context was open. New context was automatically opened when this page is created.</msg>
<arg>${URL}</arg>
<tag>BrowserControl</tag>
<tag>Setter</tag>
<doc>Open a new Page.</doc>
<status status="PASS" start="2024-08-22T14:15:52.728570" elapsed="1.764340"/>
</kw>
<status status="PASS" start="2024-08-22T14:15:51.898628" elapsed="2.595603"/>
</kw>
<kw name="When the user logs in with username and password">
<kw name="Fill Text" owner="Browser">
<msg time="2024-08-22T14:15:54.499893" level="INFO">Fills the text 'standard_user' in the given field.</msg>
<arg>input[id="user-name"]</arg>
<arg>${USERNAME}</arg>
<tag>PageContent</tag>
<tag>Setter</tag>
<doc>Clears and fills the given ``txt`` into the text field found by ``selector``.</doc>
<status status="PASS" start="2024-08-22T14:15:54.496624" elapsed="0.038187"/>
</kw>
<kw name="Fill Text" owner="Browser">
<msg time="2024-08-22T14:15:54.535479" level="INFO">Fills the text 'secret_sauce' in the given field.</msg>
<arg>input[id="password"]</arg>
<arg>${PASSWORD}</arg>
<tag>PageContent</tag>
<tag>Setter</tag>
<doc>Clears and fills the given ``txt`` into the text field found by ``selector``.</doc>
<status status="PASS" start="2024-08-22T14:15:54.534931" elapsed="0.007503"/>
</kw>
<kw name="Click" owner="Browser">
<msg time="2024-08-22T14:15:54.542886" level="INFO">Clicks the element 'id=login-button'.</msg>
<arg>id=login-button</arg>
<tag>PageContent</tag>
<tag>Setter</tag>
<doc>Simulates mouse click on the element found by ``selector``.</doc>
<status status="PASS" start="2024-08-22T14:15:54.542589" elapsed="0.052376"/>
</kw>
<status status="PASS" start="2024-08-22T14:15:54.495772" elapsed="0.099279"/>
</kw>
<kw name="And the user adds a product to the cart">
<kw name="Click" owner="Browser">
<msg time="2024-08-22T14:15:54.595624" level="INFO">Clicks the element 'id=add-to-cart-sauce-labs-backpack'.</msg>
<arg>${PRODUCT_ADD_TO_CART_BUTTON}</arg>
<tag>PageContent</tag>
<tag>Setter</tag>
<doc>Simulates mouse click on the element found by ``selector``.</doc>
<status status="PASS" start="2024-08-22T14:15:54.595391" elapsed="0.025064"/>
</kw>
<status status="PASS" start="2024-08-22T14:15:54.595224" elapsed="0.025312"/>
</kw>
<kw name="And the user views the cart">
<kw name="Click" owner="Browser">
<msg time="2024-08-22T14:15:54.621104" level="INFO">Clicks the element 'css=a[data-test="shopping-cart-link"]'.</msg>
<arg>${CART_BUTTON}</arg>
<tag>PageContent</tag>
<tag>Setter</tag>
<doc>Simulates mouse click on the element found by ``selector``.</doc>
<status status="PASS" start="2024-08-22T14:15:54.620869" elapsed="0.037000"/>
</kw>
<status status="PASS" start="2024-08-22T14:15:54.620711" elapsed="0.037247"/>
</kw>
<kw name="Then the user proceeds to checkout">
<kw name="Click" owner="Browser">
<msg time="2024-08-22T14:15:54.658537" level="INFO">Clicks the element 'css=button[data-test="checkout"]'.</msg>
<arg>${CHECKOUT}</arg>
<tag>PageContent</tag>
<tag>Setter</tag>
<doc>Simulates mouse click on the element found by ``selector``.</doc>
<status status="PASS" start="2024-08-22T14:15:54.658283" elapsed="0.031776"/>
</kw>
<kw name="Fill Text" owner="Browser">
<msg time="2024-08-22T14:15:54.690496" level="INFO">Fills the text 'first_name' in the given field.</msg>
<arg>css=input[data-test="firstName"]</arg>
<arg>${FIRST_NAME}</arg>
<tag>PageContent</tag>
<tag>Setter</tag>
<doc>Clears and fills the given ``txt`` into the text field found by ``selector``.</doc>
<status status="PASS" start="2024-08-22T14:15:54.690184" elapsed="0.008320"/>
</kw>
<kw name="Fill Text" owner="Browser">
<msg time="2024-08-22T14:15:54.699377" level="INFO">Fills the text 'last_name' in the given field.</msg>
<arg>css=input[data-test="lastName"]</arg>
<arg>${LAST_NAME}</arg>
<tag>PageContent</tag>
<tag>Setter</tag>
<doc>Clears and fills the given ``txt`` into the text field found by ``selector``.</doc>
<status status="PASS" start="2024-08-22T14:15:54.698649" elapsed="0.006877"/>
</kw>
<kw name="Fill Text" owner="Browser">
<msg time="2024-08-22T14:15:54.705981" level="INFO">Fills the text '12345' in the given field.</msg>
<arg>css=input[data-test="postalCode"]</arg>
<arg>${ZIP_CODE}</arg>
<tag>PageContent</tag>
<tag>Setter</tag>
<doc>Clears and fills the given ``txt`` into the text field found by ``selector``.</doc>
<status status="PASS" start="2024-08-22T14:15:54.705699" elapsed="0.007839"/>
</kw>
<kw name="Click" owner="Browser">
<msg time="2024-08-22T14:15:54.713882" level="INFO">Clicks the element 'css=input[data-test="continue"]'.</msg>
<arg>${CONTINUE_PURCHASE_BUTTON}</arg>
<tag>PageContent</tag>
<tag>Setter</tag>
<doc>Simulates mouse click on the element found by ``selector``.</doc>
<status status="PASS" start="2024-08-22T14:15:54.713649" elapsed="0.042458"/>
</kw>
<status status="PASS" start="2024-08-22T14:15:54.658128" elapsed="0.098077"/>
</kw>
<status status="PASS" start="2024-08-22T14:15:51.893768" elapsed="2.862583"/>
</test>
<status status="PASS" start="2024-08-22T14:15:50.399395" elapsed="4.404019"/>
</suite>
<statistics>
<total>
<stat pass="1" fail="0" skip="0">All Tests</stat>
</total>
<tag>
</tag>
<suite>
<stat pass="1" fail="0" skip="0" id="s1" name="Product Checkout">Product Checkout</stat>
</suite>
</statistics>
<errors>
</errors>
</robot>
